SF:lib/config/constants/enviroment.dart
DA:4,5
DA:6,1
DA:7,2
LF:3
LH:3
end_of_record
SF:lib/infrastructure/datasources/moviedb_datasource.dart
DA:14,2
DA:17,3
DA:19,1
DA:20,1
DA:24,1
DA:25,1
DA:27,1
DA:28,4
DA:29,3
DA:30,1
DA:35,1
DA:38,3
DA:40,2
DA:48,0
DA:51,0
DA:53,0
DA:56,0
DA:59,0
DA:61,0
DA:64,0
DA:67,0
DA:69,0
DA:72,1
DA:74,3
DA:75,2
DA:76,0
DA:79,2
DA:80,1
DA:84,0
DA:86,0
DA:89,0
DA:91,0
LF:32
LH:18
end_of_record
SF:lib/domain/entities/movie.dart
DA:22,1
LF:1
LH:1
end_of_record
SF:lib/infrastructure/mappers/movie_mapper.dart
DA:8,2
DA:9,1
DA:10,2
DA:11,1
DA:12,1
DA:13,5
DA:14,1
DA:15,1
DA:16,1
DA:17,1
DA:18,1
DA:19,2
DA:20,1
DA:21,1
DA:22,2
DA:23,1
DA:24,1
DA:25,1
DA:26,1
DA:29,2
DA:30,1
DA:31,2
DA:32,1
DA:33,1
DA:34,5
DA:35,1
DA:36,1
DA:37,1
DA:38,1
DA:39,1
DA:40,2
DA:41,1
DA:42,1
DA:43,1
DA:44,1
DA:45,1
DA:46,1
DA:47,1
LF:38
LH:38
end_of_record
SF:lib/infrastructure/models/moviedb/movie_details.dart
DA:3,1
DA:57,1
DA:60,1
DA:61,1
DA:62,1
DA:63,1
DA:64,1
DA:65,5
DA:66,1
DA:67,1
DA:68,1
DA:69,1
DA:70,1
DA:71,1
DA:72,2
DA:73,1
DA:74,5
DA:75,5
DA:76,2
DA:77,1
DA:78,1
DA:79,5
DA:80,1
DA:81,1
DA:82,1
DA:83,1
DA:84,2
DA:85,1
DA:89,0
DA:90,0
DA:91,0
DA:92,0
DA:93,0
DA:94,0
DA:95,0
DA:96,0
DA:97,0
DA:98,0
DA:99,0
DA:100,0
DA:101,0
DA:102,0
DA:103,0
DA:104,0
DA:105,0
DA:106,0
DA:107,0
DA:108,0
DA:109,0
DA:110,0
DA:111,0
DA:112,0
DA:113,0
DA:114,0
DA:119,0
DA:131,0
DA:132,0
DA:133,0
DA:134,0
DA:135,0
DA:138,0
DA:139,0
DA:140,0
DA:141,0
DA:142,0
DA:147,1
DA:155,2
DA:156,1
DA:157,1
DA:160,0
DA:161,0
DA:162,0
DA:167,1
DA:179,2
DA:180,1
DA:181,1
DA:182,1
DA:183,1
DA:186,0
DA:187,0
DA:188,0
DA:189,0
DA:190,0
DA:195,1
DA:203,2
DA:204,1
DA:205,1
DA:208,0
DA:209,0
DA:210,0
DA:215,1
DA:225,2
DA:226,1
DA:227,1
DA:228,1
DA:231,0
DA:232,0
DA:233,0
DA:234,0
LF:99
LH:47
end_of_record
SF:lib/infrastructure/models/moviedb/moviedb_response.dart
DA:5,1
DA:19,2
DA:20,3
DA:21,1
DA:22,5
DA:23,1
DA:24,1
DA:27,0
DA:28,0
DA:29,0
DA:30,0
DA:31,0
DA:32,0
DA:37,1
DA:45,2
DA:46,2
DA:47,2
DA:50,0
DA:51,0
DA:52,0
LF:20
LH:11
end_of_record
SF:lib/infrastructure/models/moviedb/movie_moviedb.dart
DA:2,1
DA:34,2
DA:35,1
DA:36,1
DA:37,4
DA:38,1
DA:39,1
DA:40,1
DA:41,1
DA:42,2
DA:43,1
DA:44,4
DA:45,2
DA:47,1
DA:48,1
DA:49,2
DA:50,1
DA:53,0
DA:54,0
DA:55,0
DA:56,0
DA:57,0
DA:58,0
DA:59,0
DA:60,0
DA:61,0
DA:62,0
DA:63,0
DA:64,0
DA:65,0
DA:66,0
DA:67,0
DA:68,0
DA:69,0
LF:34
LH:17
end_of_record
